[0312/211605.936:ERROR:settings.cc(320)] Settings magic is not 1129342067
[0328/005010.582:ERROR:session_end_watcher.cc(209)] PostMessage: Not enough quota is available to process this command. (0x718)
[0502/155629.186:ERROR:process_memory_win.cc(73)] ReadMemory at 0x7ffc529d0000 of 64 bytes failed: Only part of a ReadProcessMemory or WriteProcessMemory request was completed. (0x12B)
[0502/155629.634:WARNING:pe_image_reader.cc(340)] could not read dos header from C:\Windows\system32\WINTRUST.dll
[0502/155629.634:ERROR:process_memory_win.cc(73)] ReadMemory at 0x7ffc4b220000 of 64 bytes failed: Only part of a ReadProcessMemory or WriteProcessMemory request was completed. (0x12B)
[0502/155629.634:WARNING:pe_image_reader.cc(340)] could not read dos header from C:\Windows\SYSTEM32\UIAutomationCore.DLL
[0502/155629.634:ERROR:process_memory_win.cc(73)] ReadMemory at 0x7ffc52770000 of 64 bytes failed: Only part of a ReadProcessMemory or WriteProcessMemory request was completed. (0x12B)
[0502/155629.634:WARNING:pe_image_reader.cc(340)] could not read dos header from C:\Windows\system32\CRYPT32.dll
[0502/155629.635:ERROR:process_memory_win.cc(73)] ReadMemory at 0x7ffc4ed20000 of 64 bytes failed: Only part of a ReadProcessMemory or WriteProcessMemory request was completed. (0x12B)
[0502/155629.635:WARNING:pe_image_reader.cc(340)] could not read dos header from C:\Windows\SYSTEM32\DWrite.dll
[0502/155629.635:ERROR:process_memory_win.cc(73)] ReadMemory at 0x7ffc4f720000 of 64 bytes failed: Only part of a ReadProcessMemory or WriteProcessMemory request was completed. (0x12B)
[0502/155629.635:WARNING:pe_image_reader.cc(340)] could not read dos header from C:\Windows\SYSTEM32\WINSPOOL.DRV
[0502/155629.635:ERROR:process_memory_win.cc(73)] ReadMemory at 0x7ffc4e0f0000 of 64 bytes failed: Only part of a ReadProcessMemory or WriteProcessMemory request was completed. (0x12B)
[0502/155629.635:WARNING:pe_image_reader.cc(340)] could not read dos header from C:\Windows\SYSTEM32\dbghelp.dll
[0502/155629.635:ERROR:process_memory_win.cc(73)] ReadMemory at 0x7ffc48160000 of 64 bytes failed: Only part of a ReadProcessMemory or WriteProcessMemory request was completed. (0x12B)
[0502/155629.635:WARNING:pe_image_reader.cc(340)] could not read dos header from C:\Windows\SYSTEM32\WINHTTP.dll
[0502/155629.635:ERROR:process_memory_win.cc(73)] ReadMemory at 0x7ffc4aba0000 of 64 bytes failed: Only part of a ReadProcessMemory or WriteProcessMemory request was completed. (0x12B)
[0502/155629.635:WARNING:pe_image_reader.cc(340)] could not read dos header from C:\Windows\SYSTEM32\dhcpcsvc.DLL
[0502/155629.635:ERROR:process_memory_win.cc(73)] ReadMemory at 0x7ffc53ed0000 of 64 bytes failed: Only part of a ReadProcessMemory or WriteProcessMemory request was completed. (0x12B)
[0502/155629.636:WARNING:pe_image_reader.cc(340)] could not read dos header from C:\Windows\system32\NSI.dll
[0502/155629.636:ERROR:process_memory_win.cc(73)] ReadMemory at 0x7ffc4af60000 of 64 bytes failed: Only part of a ReadProcessMemory or WriteProcessMemory request was completed. (0x12B)
[0502/155629.636:WARNING:pe_image_reader.cc(340)] could not read dos header from C:\Windows\SYSTEM32\WINNSI.DLL
[0502/155629.636:ERROR:process_memory_win.cc(73)] ReadMemory at 0x7ffc534b0000 of 64 bytes failed: Only part of a ReadProcessMemory or WriteProcessMemory request was completed. (0x12B)
[0502/155629.636:WARNING:pe_image_reader.cc(340)] could not read dos header from C:\Windows\system32\combase.dll
[0502/155629.636:ERROR:process_memory_win.cc(73)] ReadMemory at 0x7ffc50040000 of 64 bytes failed: Only part of a ReadProcessMemory or WriteProcessMemory request was completed. (0x12B)
[0502/155629.636:WARNING:pe_image_reader.cc(340)] could not read dos header from C:\Windows\SYSTEM32\WINMMBASE.dll
[0502/155629.636:ERROR:process_memory_win.cc(73)] ReadMemory at 0x7ffc530a0000 of 64 bytes failed: Only part of a ReadProcessMemory or WriteProcessMemory request was completed. (0x12B)
[0502/155629.636:WARNING:pe_image_reader.cc(340)] could not read dos header from C:\Windows\system32\USER32.dll
[0502/155629.636:ERROR:process_memory_win.cc(73)] ReadMemory at 0x7ffc525f0000 of 64 bytes failed: Only part of a ReadProcessMemory or WriteProcessMemory request was completed. (0x12B)
[0502/155629.681:WARNING:pe_image_reader.cc(340)] could not read dos header from C:\Windows\SYSTEM32\profapi.dll
[0502/155629.681:ERROR:process_memory_win.cc(73)] ReadMemory at 0x7ffc526a0000 of 64 bytes failed: Only part of a ReadProcessMemory or WriteProcessMemory request was completed. (0x12B)
[0502/155629.681:WARNING:pe_image_reader.cc(340)] could not read dos header from C:\Windows\system32\MSASN1.dll
[0502/155629.682:ERROR:process_memory_win.cc(73)] ReadMemory at 0x7ffc52980000 of 64 bytes failed: Only part of a ReadProcessMemory or WriteProcessMemory request was completed. (0x12B)
[0502/155629.682:WARNING:pe_image_reader.cc(340)] could not read dos header from C:\Windows\SYSTEM32\cfgmgr32.dll
[0502/155629.682:ERROR:process_memory_win.cc(73)] ReadMemory at 0x7ffc511a0000 of 64 bytes failed: Only part of a ReadProcessMemory or WriteProcessMemory request was completed. (0x12B)
[0502/155629.682:WARNING:pe_image_reader.cc(340)] could not read dos header from C:\Windows\SYSTEM32\DEVOBJ.dll
[0502/155629.682:ERROR:process_memory_win.cc(73)] ReadMemory at 0x7ffc52f50000 of 64 bytes failed: Only part of a ReadProcessMemory or WriteProcessMemory request was completed. (0x12B)
[0502/155629.682:WARNING:pe_image_reader.cc(340)] could not read dos header from C:\Windows\system32\GDI32.dll
[0502/155629.682:ERROR:process_memory_win.cc(73)] ReadMemory at 0x7ffc53b40000 of 64 bytes failed: Only part of a ReadProcessMemory or WriteProcessMemory request was completed. (0x12B)
[0502/155629.682:WARNING:pe_image_reader.cc(340)] could not read dos header from C:\Windows\system32\IMM32.DLL
[0502/155629.682:ERROR:process_memory_win.cc(73)] ReadMemory at 0x7ffc52b50000 of 64 bytes failed: Only part of a ReadProcessMemory or WriteProcessMemory request was completed. (0x12B)
[0502/155629.682:WARNING:pe_image_reader.cc(340)] could not read dos header from C:\Windows\system32\MSCTF.dll
[0502/155629.682:ERROR:process_memory_win.cc(73)] ReadMemory at 0x7ffc52460000 of 64 bytes failed: Only part of a ReadProcessMemory or WriteProcessMemory request was completed. (0x12B)
[0502/155629.682:WARNING:pe_image_reader.cc(340)] could not read dos header from C:\Windows\SYSTEM32\CRYPTBASE.DLL
[0502/155629.682:ERROR:process_memory_win.cc(73)] ReadMemory at 0x7ffc523f0000 of 64 bytes failed: Only part of a ReadProcessMemory or WriteProcessMemory request was completed. (0x12B)
[0502/155629.682:WARNING:pe_image_reader.cc(340)] could not read dos header from C:\Windows\SYSTEM32\bcryptPrimitives.dll
[0502/155629.706:ERROR:process_memory_win.cc(73)] ReadMemory at 0x7ff74e070000 of 64 bytes failed: Only part of a ReadProcessMemory or WriteProcessMemory request was completed. (0x12B)
[0502/155629.706:WARNING:pe_image_reader.cc(340)] could not read dos header from C:\Program Files (x86)\Google\Chrome\Application\chrome.exe
[0502/155629.706:ERROR:process_memory_win.cc(73)] ReadMemory at 0x7ffc554c0000 of 64 bytes failed: Only part of a ReadProcessMemory or WriteProcessMemory request was completed. (0x12B)
[0502/155629.706:WARNING:pe_image_reader.cc(340)] could not read dos header from C:\Windows\SYSTEM32\ntdll.dll
[0502/155629.706:ERROR:process_memory_win.cc(73)] ReadMemory at 0x7ffc53b80000 of 64 bytes failed: Only part of a ReadProcessMemory or WriteProcessMemory request was completed. (0x12B)
[0502/155629.706:WARNING:pe_image_reader.cc(340)] could not read dos header from C:\Windows\system32\KERNEL32.DLL
[0502/155629.706:ERROR:process_memory_win.cc(73)] ReadMemory at 0x7ffc52a30000 of 64 bytes failed: Only part of a ReadProcessMemory or WriteProcessMemory request was completed. (0x12B)
[0502/155629.706:WARNING:pe_image_reader.cc(340)] could not read dos header from C:\Windows\system32\KERNELBASE.dll
[0502/155629.706:ERROR:process_memory_win.cc(73)] ReadMemory at 0x7ffc37a90000 of 64 bytes failed: Only part of a ReadProcessMemory or WriteProcessMemory request was completed. (0x12B)
[0502/155629.706:WARNING:pe_image_reader.cc(340)] could not read dos header from C:\Program Files (x86)\Google\Chrome\Application\81.0.4044.129\chrome_elf.dll
[0502/155629.712:ERROR:process_memory_win.cc(73)] ReadMemory at 0x7ffc518a0000 of 64 bytes failed: Only part of a ReadProcessMemory or WriteProcessMemory request was completed. (0x12B)
[0502/155629.713:WARNING:pe_image_reader.cc(340)] could not read dos header from C:\Windows\SYSTEM32\VERSION.dll
[0502/155629.713:ERROR:process_memory_win.cc(73)] ReadMemory at 0x7ffc55410000 of 64 bytes failed: Only part of a ReadProcessMemory or WriteProcessMemory request was completed. (0x12B)
[0502/155629.713:WARNING:pe_image_reader.cc(340)] could not read dos header from C:\Windows\system32\msvcrt.dll
[0502/155629.713:ERROR:process_memory_win.cc(73)] ReadMemory at 0xdb67900000 of 64 bytes failed: Only part of a ReadProcessMemory or WriteProcessMemory request was completed. (0x12B)
[0502/155629.713:WARNING:pe_image_reader.cc(340)] could not read dos header from C:\Windows\system32\ADVAPI32.dll
[0502/155629.713:ERROR:process_memory_win.cc(73)] ReadMemory at 0x7ffc52ef0000 of 64 bytes failed: Only part of a ReadProcessMemory or WriteProcessMemory request was completed. (0x12B)
[0502/155629.713:WARNING:pe_image_reader.cc(340)] could not read dos header from C:\Windows\SYSTEM32\sechost.dll
[0502/155629.713:ERROR:process_memory_win.cc(73)] ReadMemory at 0x7ffc53990000 of 64 bytes failed: Only part of a ReadProcessMemory or WriteProcessMemory request was completed. (0x12B)
[0502/155629.713:WARNING:pe_image_reader.cc(340)] could not read dos header from C:\Windows\system32\RPCRT4.dll
[0502/155629.714:ERROR:process_memory_win.cc(73)] ReadMemory at 0x7ffc52950000 of 64 bytes failed: Only part of a ReadProcessMemory or WriteProcessMemory request was completed. (0x12B)
[0502/155629.714:WARNING:pe_image_reader.cc(340)] could not read dos header from C:\Windows\system32\SspiCli.dll
[0502/155629.714:ERROR:process_memory_win.cc(73)] ReadMemory at 0x7ffc0fb90000 of 64 bytes failed: Only part of a ReadProcessMemory or WriteProcessMemory request was completed. (0x12B)
[0502/155629.714:WARNING:pe_image_reader.cc(340)] could not read dos header from C:\Program Files (x86)\Google\Chrome\Application\81.0.4044.129\chrome.dll
[0502/155629.714:ERROR:process_memory_win.cc(73)] ReadMemory at 0x7ffc53ae0000 of 64 bytes failed: Only part of a ReadProcessMemory or WriteProcessMemory request was completed. (0x12B)
[0502/155629.714:WARNING:pe_image_reader.cc(340)] could not read dos header from C:\Windows\system32\WS2_32.dll
[0502/155629.714:ERROR:process_memory_win.cc(73)] ReadMemory at 0x7ffc4af80000 of 64 bytes failed: Only part of a ReadProcessMemory or WriteProcessMemory request was completed. (0x12B)
[0502/155629.714:WARNING:pe_image_reader.cc(340)] could not read dos header from C:\Windows\SYSTEM32\IPHLPAPI.DLL
[0502/155629.714:ERROR:process_memory_win.cc(73)] ReadMemory at 0x7ffc538c0000 of 64 bytes failed: Only part of a ReadProcessMemory or WriteProcessMemory request was completed. (0x12B)
[0502/155629.714:WARNING:pe_image_reader.cc(340)] could not read dos header from C:\Windows\system32\OLEAUT32.dll
[0502/155629.714:ERROR:process_memory_win.cc(73)] ReadMemory at 0x7ffc50130000 of 64 bytes failed: Only part of a ReadProcessMemory or WriteProcessMemory request was completed. (0x12B)
[0502/155629.714:WARNING:pe_image_reader.cc(340)] could not read dos header from C:\Windows\SYSTEM32\WINMM.dll
[0502/155629.715:ERROR:process_memory_win.cc(73)] ReadMemory at 0x7ffc518b0000 of 64 bytes failed: Only part of a ReadProcessMemory or WriteProcessMemory request was completed. (0x12B)
[0502/155629.715:WARNING:pe_image_reader.cc(340)] could not read dos header from C:\Windows\SYSTEM32\Secur32.dll
[0502/155629.715:ERROR:process_memory_win.cc(73)] ReadMemory at 0x7ffc51bb0000 of 64 bytes failed: Only part of a ReadProcessMemory or WriteProcessMemory request was completed. (0x12B)
[0502/155629.715:WARNING:pe_image_reader.cc(340)] could not read dos header from C:\Windows\SYSTEM32\USERENV.dll
[0502/155629.715:ERROR:process_memory_win.cc(73)] ReadMemory at 0x7ffc529d0000 of 64 bytes failed: Only part of a ReadProcessMemory or WriteProcessMemory request was completed. (0x12B)
[0502/155629.715:WARNING:pe_image_reader.cc(340)] could not read dos header from C:\Windows\system32\WINTRUST.dll
[0502/155629.715:ERROR:process_memory_win.cc(73)] ReadMemory at 0x7ffc4b220000 of 64 bytes failed: Only part of a ReadProcessMemory or WriteProcessMemory request was completed. (0x12B)
[0502/155629.715:WARNING:pe_image_reader.cc(340)] could not read dos header from C:\Windows\SYSTEM32\UIAutomationCore.DLL
[0502/155629.715:ERROR:process_memory_win.cc(73)] ReadMemory at 0x7ffc52770000 of 64 bytes failed: Only part of a ReadProcessMemory or WriteProcessMemory request was completed. (0x12B)
[0502/155629.715:WARNING:pe_image_reader.cc(340)] could not read dos header from C:\Windows\system32\CRYPT32.dll
[0502/155629.715:ERROR:process_memory_win.cc(73)] ReadMemory at 0x7ffc4ed20000 of 64 bytes failed: Only part of a ReadProcessMemory or WriteProcessMemory request was completed. (0x12B)
[0502/155629.715:WARNING:pe_image_reader.cc(340)] could not read dos header from C:\Windows\SYSTEM32\DWrite.dll
[0502/155629.716:ERROR:process_memory_win.cc(73)] ReadMemory at 0x7ffc4f720000 of 64 bytes failed: Only part of a ReadProcessMemory or WriteProcessMemory request was completed. (0x12B)
[0502/155629.716:WARNING:pe_image_reader.cc(340)] could not read dos header from C:\Windows\SYSTEM32\WINSPOOL.DRV
[0502/155629.716:ERROR:process_memory_win.cc(73)] ReadMemory at 0x7ffc4e0f0000 of 64 bytes failed: Only part of a ReadProcessMemory or WriteProcessMemory request was completed. (0x12B)
[0502/155629.716:WARNING:pe_image_reader.cc(340)] could not read dos header from C:\Windows\SYSTEM32\dbghelp.dll
[0502/155629.716:ERROR:process_memory_win.cc(73)] ReadMemory at 0x7ffc48160000 of 64 bytes failed: Only part of a ReadProcessMemory or WriteProcessMemory request was completed. (0x12B)
[0502/155629.716:WARNING:pe_image_reader.cc(340)] could not read dos header from C:\Windows\SYSTEM32\WINHTTP.dll
[0502/155629.716:ERROR:process_memory_win.cc(73)] ReadMemory at 0x7ffc4aba0000 of 64 bytes failed: Only part of a ReadProcessMemory or WriteProcessMemory request was completed. (0x12B)
[0502/155629.716:WARNING:pe_image_reader.cc(340)] could not read dos header from C:\Windows\SYSTEM32\dhcpcsvc.DLL
[0502/155629.716:ERROR:process_memory_win.cc(73)] ReadMemory at 0x7ffc53ed0000 of 64 bytes failed: Only part of a ReadProcessMemory or WriteProcessMemory request was completed. (0x12B)
[0502/155629.716:WARNING:pe_image_reader.cc(340)] could not read dos header from C:\Windows\system32\NSI.dll
[0502/155629.716:ERROR:process_memory_win.cc(73)] ReadMemory at 0x7ffc4af60000 of 64 bytes failed: Only part of a ReadProcessMemory or WriteProcessMemory request was completed. (0x12B)
[0502/155629.716:WARNING:pe_image_reader.cc(340)] could not read dos header from C:\Windows\SYSTEM32\WINNSI.DLL
[0502/155629.717:ERROR:process_memory_win.cc(73)] ReadMemory at 0x7ffc534b0000 of 64 bytes failed: Only part of a ReadProcessMemory or WriteProcessMemory request was completed. (0x12B)
[0502/155629.717:WARNING:pe_image_reader.cc(340)] could not read dos header from C:\Windows\system32\combase.dll
[0502/155629.717:ERROR:process_memory_win.cc(73)] ReadMemory at 0x7ffc50040000 of 64 bytes failed: Only part of a ReadProcessMemory or WriteProcessMemory request was completed. (0x12B)
[0502/155629.717:WARNING:pe_image_reader.cc(340)] could not read dos header from C:\Windows\SYSTEM32\WINMMBASE.dll
[0502/155629.717:ERROR:process_memory_win.cc(73)] ReadMemory at 0x7ffc530a0000 of 64 bytes failed: Only part of a ReadProcessMemory or WriteProcessMemory request was completed. (0x12B)
[0502/155629.717:WARNING:pe_image_reader.cc(340)] could not read dos header from C:\Windows\system32\USER32.dll
[0502/155629.717:ERROR:process_memory_win.cc(73)] ReadMemory at 0x7ffc525f0000 of 64 bytes failed: Only part of a ReadProcessMemory or WriteProcessMemory request was completed. (0x12B)
[0502/155629.717:WARNING:pe_image_reader.cc(340)] could not read dos header from C:\Windows\SYSTEM32\profapi.dll
[0502/155629.717:ERROR:process_memory_win.cc(73)] ReadMemory at 0x7ffc526a0000 of 64 bytes failed: Only part of a ReadProcessMemory or WriteProcessMemory request was completed. (0x12B)
[0502/155629.717:WARNING:pe_image_reader.cc(340)] could not read dos header from C:\Windows\system32\MSASN1.dll
[0502/155629.718:ERROR:process_memory_win.cc(73)] ReadMemory at 0x7ffc52980000 of 64 bytes failed: Only part of a ReadProcessMemory or WriteProcessMemory request was completed. (0x12B)
[0502/155629.718:WARNING:pe_image_reader.cc(340)] could not read dos header from C:\Windows\SYSTEM32\cfgmgr32.dll
[0502/155629.718:ERROR:process_memory_win.cc(73)] ReadMemory at 0x7ffc511a0000 of 64 bytes failed: Only part of a ReadProcessMemory or WriteProcessMemory request was completed. (0x12B)
[0502/155629.718:WARNING:pe_image_reader.cc(340)] could not read dos header from C:\Windows\SYSTEM32\DEVOBJ.dll
[0502/155629.718:ERROR:process_memory_win.cc(73)] ReadMemory at 0x7ffc52f50000 of 64 bytes failed: Only part of a ReadProcessMemory or WriteProcessMemory request was completed. (0x12B)
[0502/155629.718:WARNING:pe_image_reader.cc(340)] could not read dos header from C:\Windows\system32\GDI32.dll
[0502/155629.718:ERROR:process_memory_win.cc(73)] ReadMemory at 0x7ffc53b40000 of 64 bytes failed: Only part of a ReadProcessMemory or WriteProcessMemory request was completed. (0x12B)
[0502/155629.718:WARNING:pe_image_reader.cc(340)] could not read dos header from C:\Windows\system32\IMM32.DLL
[0502/155629.718:ERROR:process_memory_win.cc(73)] ReadMemory at 0x7ffc52b50000 of 64 bytes failed: Only part of a ReadProcessMemory or WriteProcessMemory request was completed. (0x12B)
[0502/155629.718:WARNING:pe_image_reader.cc(340)] could not read dos header from C:\Windows\system32\MSCTF.dll
[0502/155629.718:ERROR:process_memory_win.cc(73)] ReadMemory at 0x7ffc52460000 of 64 bytes failed: Only part of a ReadProcessMemory or WriteProcessMemory request was completed. (0x12B)
[0502/155629.719:WARNING:pe_image_reader.cc(340)] could not read dos header from C:\Windows\SYSTEM32\CRYPTBASE.DLL
[0502/155629.719:ERROR:process_memory_win.cc(73)] ReadMemory at 0x7ffc523f0000 of 64 bytes failed: Only part of a ReadProcessMemory or WriteProcessMemory request was completed. (0x12B)
[0502/155629.719:WARNING:pe_image_reader.cc(340)] could not read dos header from C:\Windows\SYSTEM32\bcryptPrimitives.dll
[0502/155629.719:ERROR:process_memory_win.cc(73)] ReadMemory at 0x7ff74e070000 of 64 bytes failed: Only part of a ReadProcessMemory or WriteProcessMemory request was completed. (0x12B)
[0502/155629.719:WARNING:pe_image_reader.cc(340)] could not read dos header from C:\Program Files (x86)\Google\Chrome\Application\chrome.exe
[0502/155629.719:ERROR:process_memory_win.cc(73)] ReadMemory at 0x7ffc554c0000 of 64 bytes failed: Only part of a ReadProcessMemory or WriteProcessMemory request was completed. (0x12B)
[0502/155629.719:WARNING:pe_image_reader.cc(340)] could not read dos header from C:\Windows\SYSTEM32\ntdll.dll
[0502/155629.719:ERROR:process_memory_win.cc(73)] ReadMemory at 0x7ffc53b80000 of 64 bytes failed: Only part of a ReadProcessMemory or WriteProcessMemory request was completed. (0x12B)
[0502/155629.719:WARNING:pe_image_reader.cc(340)] could not read dos header from C:\Windows\system32\KERNEL32.DLL
[0502/155629.719:ERROR:process_memory_win.cc(73)] ReadMemory at 0x7ffc52a30000 of 64 bytes failed: Only part of a ReadProcessMemory or WriteProcessMemory request was completed. (0x12B)
[0502/155629.719:WARNING:pe_image_reader.cc(340)] could not read dos header from C:\Windows\system32\KERNELBASE.dll
[0502/155629.719:ERROR:process_memory_win.cc(73)] ReadMemory at 0x7ffc37a90000 of 64 bytes failed: Only part of a ReadProcessMemory or WriteProcessMemory request was completed. (0x12B)
[0502/155629.720:WARNING:pe_image_reader.cc(340)] could not read dos header from C:\Program Files (x86)\Google\Chrome\Application\81.0.4044.129\chrome_elf.dll
[0502/155629.720:ERROR:process_memory_win.cc(73)] ReadMemory at 0x7ffc518a0000 of 64 bytes failed: Only part of a ReadProcessMemory or WriteProcessMemory request was completed. (0x12B)
[0502/155629.720:WARNING:pe_image_reader.cc(340)] could not read dos header from C:\Windows\SYSTEM32\VERSION.dll
[0502/155629.720:ERROR:process_memory_win.cc(73)] ReadMemory at 0x7ffc55410000 of 64 bytes failed: Only part of a ReadProcessMemory or WriteProcessMemory request was completed. (0x12B)
[0502/155629.720:WARNING:pe_image_reader.cc(340)] could not read dos header from C:\Windows\system32\msvcrt.dll
[0502/155629.720:ERROR:process_memory_win.cc(73)] ReadMemory at 0xdb67900000 of 64 bytes failed: Only part of a ReadProcessMemory or WriteProcessMemory request was completed. (0x12B)
[0502/155629.720:WARNING:pe_image_reader.cc(340)] could not read dos header from C:\Windows\system32\ADVAPI32.dll
[0502/155629.720:ERROR:process_memory_win.cc(73)] ReadMemory at 0x7ffc52ef0000 of 64 bytes failed: Only part of a ReadProcessMemory or WriteProcessMemory request was completed. (0x12B)
[0502/155629.720:WARNING:pe_image_reader.cc(340)] could not read dos header from C:\Windows\SYSTEM32\sechost.dll
[0502/155629.720:ERROR:process_memory_win.cc(73)] ReadMemory at 0x7ffc53990000 of 64 bytes failed: Only part of a ReadProcessMemory or WriteProcessMemory request was completed. (0x12B)
[0502/155629.720:WARNING:pe_image_reader.cc(340)] could not read dos header from C:\Windows\system32\RPCRT4.dll
[0502/155629.720:ERROR:process_memory_win.cc(73)] ReadMemory at 0x7ffc52950000 of 64 bytes failed: Only part of a ReadProcessMemory or WriteProcessMemory request was completed. (0x12B)
[0502/155629.721:WARNING:pe_image_reader.cc(340)] could not read dos header from C:\Windows\system32\SspiCli.dll
[0502/155629.721:ERROR:process_memory_win.cc(73)] ReadMemory at 0x7ffc0fb90000 of 64 bytes failed: Only part of a ReadProcessMemory or WriteProcessMemory request was completed. (0x12B)
[0502/155629.721:WARNING:pe_image_reader.cc(340)] could not read dos header from C:\Program Files (x86)\Google\Chrome\Application\81.0.4044.129\chrome.dll
[0502/155629.721:ERROR:process_memory_win.cc(73)] ReadMemory at 0x7ffc53ae0000 of 64 bytes failed: Only part of a ReadProcessMemory or WriteProcessMemory request was completed. (0x12B)
[0502/155629.721:WARNING:pe_image_reader.cc(340)] could not read dos header from C:\Windows\system32\WS2_32.dll
[0502/155629.721:ERROR:process_memory_win.cc(73)] ReadMemory at 0x7ffc4af80000 of 64 bytes failed: Only part of a ReadProcessMemory or WriteProcessMemory request was completed. (0x12B)
[0502/155629.721:WARNING:pe_image_reader.cc(340)] could not read dos header from C:\Windows\SYSTEM32\IPHLPAPI.DLL
[0502/155629.721:ERROR:process_memory_win.cc(73)] ReadMemory at 0x7ffc538c0000 of 64 bytes failed: Only part of a ReadProcessMemory or WriteProcessMemory request was completed. (0x12B)
[0502/155629.721:WARNING:pe_image_reader.cc(340)] could not read dos header from C:\Windows\system32\OLEAUT32.dll
[0502/155629.721:ERROR:process_memory_win.cc(73)] ReadMemory at 0x7ffc50130000 of 64 bytes failed: Only part of a ReadProcessMemory or WriteProcessMemory request was completed. (0x12B)
[0502/155629.721:WARNING:pe_image_reader.cc(340)] could not read dos header from C:\Windows\SYSTEM32\WINMM.dll
[0502/155629.721:ERROR:process_memory_win.cc(73)] ReadMemory at 0x7ffc518b0000 of 64 bytes failed: Only part of a ReadProcessMemory or WriteProcessMemory request was completed. (0x12B)
[0502/155629.722:WARNING:pe_image_reader.cc(340)] could not read dos header from C:\Windows\SYSTEM32\Secur32.dll
[0502/155629.722:ERROR:process_memory_win.cc(73)] ReadMemory at 0x7ffc51bb0000 of 64 bytes failed: Only part of a ReadProcessMemory or WriteProcessMemory request was completed. (0x12B)
[0502/155629.722:WARNING:pe_image_reader.cc(340)] could not read dos header from C:\Windows\SYSTEM32\USERENV.dll
[0502/155629.722:ERROR:process_memory_win.cc(73)] ReadMemory at 0x7ffc529d0000 of 64 bytes failed: Only part of a ReadProcessMemory or WriteProcessMemory request was completed. (0x12B)
[0502/155629.722:WARNING:pe_image_reader.cc(340)] could not read dos header from C:\Windows\system32\WINTRUST.dll
[0502/155629.722:ERROR:process_memory_win.cc(73)] ReadMemory at 0x7ffc4b220000 of 64 bytes failed: Only part of a ReadProcessMemory or WriteProcessMemory request was completed. (0x12B)
[0502/155629.722:WARNING:pe_image_reader.cc(340)] could not read dos header from C:\Windows\SYSTEM32\UIAutomationCore.DLL
[0502/155629.722:ERROR:process_memory_win.cc(73)] ReadMemory at 0x7ffc52770000 of 64 bytes failed: Only part of a ReadProcessMemory or WriteProcessMemory request was completed. (0x12B)
[0502/155629.722:WARNING:pe_image_reader.cc(340)] could not read dos header from C:\Windows\system32\CRYPT32.dll
[0502/155629.722:ERROR:process_memory_win.cc(73)] ReadMemory at 0x7ffc4ed20000 of 64 bytes failed: Only part of a ReadProcessMemory or WriteProcessMemory request was completed. (0x12B)
[0502/155629.722:WARNING:pe_image_reader.cc(340)] could not read dos header from C:\Windows\SYSTEM32\DWrite.dll
[0502/155629.722:ERROR:process_memory_win.cc(73)] ReadMemory at 0x7ffc4f720000 of 64 bytes failed: Only part of a ReadProcessMemory or WriteProcessMemory request was completed. (0x12B)
[0502/155629.723:WARNING:pe_image_reader.cc(340)] could not read dos header from C:\Windows\SYSTEM32\WINSPOOL.DRV
[0502/155629.723:ERROR:process_memory_win.cc(73)] ReadMemory at 0x7ffc4e0f0000 of 64 bytes failed: Only part of a ReadProcessMemory or WriteProcessMemory request was completed. (0x12B)
[0502/155629.723:WARNING:pe_image_reader.cc(340)] could not read dos header from C:\Windows\SYSTEM32\dbghelp.dll
[0502/155629.723:ERROR:process_memory_win.cc(73)] ReadMemory at 0x7ffc48160000 of 64 bytes failed: Only part of a ReadProcessMemory or WriteProcessMemory request was completed. (0x12B)
[0502/155629.723:WARNING:pe_image_reader.cc(340)] could not read dos header from C:\Windows\SYSTEM32\WINHTTP.dll
[0502/155629.723:ERROR:process_memory_win.cc(73)] ReadMemory at 0x7ffc4aba0000 of 64 bytes failed: Only part of a ReadProcessMemory or WriteProcessMemory request was completed. (0x12B)
[0502/155629.723:WARNING:pe_image_reader.cc(340)] could not read dos header from C:\Windows\SYSTEM32\dhcpcsvc.DLL
[0502/155629.723:ERROR:process_memory_win.cc(73)] ReadMemory at 0x7ffc53ed0000 of 64 bytes failed: Only part of a ReadProcessMemory or WriteProcessMemory request was completed. (0x12B)
[0502/155629.723:WARNING:pe_image_reader.cc(340)] could not read dos header from C:\Windows\system32\NSI.dll
[0502/155629.723:ERROR:process_memory_win.cc(73)] ReadMemory at 0x7ffc4af60000 of 64 bytes failed: Only part of a ReadProcessMemory or WriteProcessMemory request was completed. (0x12B)
[0502/155629.723:WARNING:pe_image_reader.cc(340)] could not read dos header from C:\Windows\SYSTEM32\WINNSI.DLL
[0502/155629.723:ERROR:process_memory_win.cc(73)] ReadMemory at 0x7ffc534b0000 of 64 bytes failed: Only part of a ReadProcessMemory or WriteProcessMemory request was completed. (0x12B)
[0502/155629.724:WARNING:pe_image_reader.cc(340)] could not read dos header from C:\Windows\system32\combase.dll
[0502/155629.724:ERROR:process_memory_win.cc(73)] ReadMemory at 0x7ffc50040000 of 64 bytes failed: Only part of a ReadProcessMemory or WriteProcessMemory request was completed. (0x12B)
[0502/155629.724:WARNING:pe_image_reader.cc(340)] could not read dos header from C:\Windows\SYSTEM32\WINMMBASE.dll
[0502/155629.724:ERROR:process_memory_win.cc(73)] ReadMemory at 0x7ffc530a0000 of 64 bytes failed: Only part of a ReadProcessMemory or WriteProcessMemory request was completed. (0x12B)
[0502/155629.724:WARNING:pe_image_reader.cc(340)] could not read dos header from C:\Windows\system32\USER32.dll
[0502/155629.724:ERROR:process_memory_win.cc(73)] ReadMemory at 0x7ffc525f0000 of 64 bytes failed: Only part of a ReadProcessMemory or WriteProcessMemory request was completed. (0x12B)
[0502/155629.724:WARNING:pe_image_reader.cc(340)] could not read dos header from C:\Windows\SYSTEM32\profapi.dll
[0502/155629.724:ERROR:process_memory_win.cc(73)] ReadMemory at 0x7ffc526a0000 of 64 bytes failed: Only part of a ReadProcessMemory or WriteProcessMemory request was completed. (0x12B)
[0502/155629.724:WARNING:pe_image_reader.cc(340)] could not read dos header from C:\Windows\system32\MSASN1.dll
[0502/155629.724:ERROR:process_memory_win.cc(73)] ReadMemory at 0x7ffc52980000 of 64 bytes failed: Only part of a ReadProcessMemory or WriteProcessMemory request was completed. (0x12B)
[0502/155629.724:WARNING:pe_image_reader.cc(340)] could not read dos header from C:\Windows\SYSTEM32\cfgmgr32.dll
[0502/155629.724:ERROR:process_memory_win.cc(73)] ReadMemory at 0x7ffc511a0000 of 64 bytes failed: Only part of a ReadProcessMemory or WriteProcessMemory request was completed. (0x12B)
[0502/155629.725:WARNING:pe_image_reader.cc(340)] could not read dos header from C:\Windows\SYSTEM32\DEVOBJ.dll
[0502/155629.725:ERROR:process_memory_win.cc(73)] ReadMemory at 0x7ffc52f50000 of 64 bytes failed: Only part of a ReadProcessMemory or WriteProcessMemory request was completed. (0x12B)
[0502/155629.725:WARNING:pe_image_reader.cc(340)] could not read dos header from C:\Windows\system32\GDI32.dll
[0502/155629.725:ERROR:process_memory_win.cc(73)] ReadMemory at 0x7ffc53b40000 of 64 bytes failed: Only part of a ReadProcessMemory or WriteProcessMemory request was completed. (0x12B)
[0502/155629.725:WARNING:pe_image_reader.cc(340)] could not read dos header from C:\Windows\system32\IMM32.DLL
[0502/155629.725:ERROR:process_memory_win.cc(73)] ReadMemory at 0x7ffc52b50000 of 64 bytes failed: Only part of a ReadProcessMemory or WriteProcessMemory request was completed. (0x12B)
[0502/155629.725:WARNING:pe_image_reader.cc(340)] could not read dos header from C:\Windows\system32\MSCTF.dll
[0502/155629.725:ERROR:process_memory_win.cc(73)] ReadMemory at 0x7ffc52460000 of 64 bytes failed: Only part of a ReadProcessMemory or WriteProcessMemory request was completed. (0x12B)
[0502/155629.725:WARNING:pe_image_reader.cc(340)] could not read dos header from C:\Windows\SYSTEM32\CRYPTBASE.DLL
[0502/155629.725:ERROR:process_memory_win.cc(73)] ReadMemory at 0x7ffc523f0000 of 64 bytes failed: Only part of a ReadProcessMemory or WriteProcessMemory request was completed. (0x12B)
[0502/155629.725:WARNING:pe_image_reader.cc(340)] could not read dos header from C:\Windows\SYSTEM32\bcryptPrimitives.dll
[0502/155629.809:ERROR:process_memory_win.cc(73)] ReadMemory at 0xdb671df000 of 69632 bytes failed: Only part of a ReadProcessMemory or WriteProcessMemory request was completed. (0x12B)
[0502/155629.823:ERROR:process_memory_win.cc(73)] ReadMemory at 0xdb6996d000 of 12288 bytes failed: Only part of a ReadProcessMemory or WriteProcessMemory request was completed. (0x12B)
[0502/155629.824:ERROR:process_memory_win.cc(73)] ReadMemory at 0xdb6a96c000 of 16384 bytes failed: Only part of a ReadProcessMemory or WriteProcessMemory request was completed. (0x12B)
[0502/155629.824:ERROR:process_memory_win.cc(73)] ReadMemory at 0xdb6b16c000 of 16384 bytes failed: Only part of a ReadProcessMemory or WriteProcessMemory request was completed. (0x12B)
[0502/155629.824:ERROR:process_memory_win.cc(73)] ReadMemory at 0xdb6b96e000 of 8192 bytes failed: Only part of a ReadProcessMemory or WriteProcessMemory request was completed. (0x12B)
[0502/155629.824:ERROR:process_memory_win.cc(73)] ReadMemory at 0xdb6c16d000 of 12288 bytes failed: Only part of a ReadProcessMemory or WriteProcessMemory request was completed. (0x12B)
[0502/155629.824:ERROR:process_memory_win.cc(73)] ReadMemory at 0xdb6cb6b000 of 20480 bytes failed: Only part of a ReadProcessMemory or WriteProcessMemory request was completed. (0x12B)
[0502/155629.824:ERROR:process_memory_win.cc(73)] ReadMemory at 0xdb6db6d000 of 12288 bytes failed: Only part of a ReadProcessMemory or WriteProcessMemory request was completed. (0x12B)
[0502/155629.825:ERROR:process_memory_win.cc(73)] ReadMemory at 0xdb6e566000 of 40960 bytes failed: Only part of a ReadProcessMemory or WriteProcessMemory request was completed. (0x12B)
[0502/155629.825:ERROR:process_memory_win.cc(73)] ReadMemory at 0xdb6f565000 of 45056 bytes failed: Only part of a ReadProcessMemory or WriteProcessMemory request was completed. (0x12B)
[0502/155629.825:ERROR:process_memory_win.cc(73)] ReadMemory at 0xdb6fd6b000 of 20480 bytes failed: Only part of a ReadProcessMemory or WriteProcessMemory request was completed. (0x12B)
[0502/155629.825:ERROR:process_memory_win.cc(73)] ReadMemory at 0xdb6a16d000 of 12288 bytes failed: Only part of a ReadProcessMemory or WriteProcessMemory request was completed. (0x12B)
[0502/155629.826:ERROR:process_memory_win.cc(73)] ReadMemory at 0xdb78ea6000 of 40960 bytes failed: Only part of a ReadProcessMemory or WriteProcessMemory request was completed. (0x12B)
[0502/155629.826:ERROR:process_memory_win.cc(73)] ReadMemory at 0xdb0351c000 of 16384 bytes failed: Only part of a ReadProcessMemory or WriteProcessMemory request was completed. (0x12B)
[0502/155629.826:ERROR:process_memory_win.cc(73)] ReadMemory at 0xdb029e6000 of 40960 bytes failed: Only part of a ReadProcessMemory or WriteProcessMemory request was completed. (0x12B)
[0502/155629.826:ERROR:process_memory_win.cc(73)] ReadMemory at 0xdb05ebf000 of 4096 bytes failed: Only part of a ReadProcessMemory or WriteProcessMemory request was completed. (0x12B)
[0502/155629.826:ERROR:process_memory_win.cc(73)] ReadMemory at 0xdb04a9ff90 of 512 bytes failed: Only part of a ReadProcessMemory or WriteProcessMemory request was completed. (0x12B)
[0502/155629.827:ERROR:process_memory_win.cc(73)] ReadMemory at 0xdb04ab2df8 of 512 bytes failed: Only part of a ReadProcessMemory or WriteProcessMemory request was completed. (0x12B)
[0502/155629.827:ERROR:process_memory_win.cc(73)] ReadMemory at 0xdb04fe0000 of 400 bytes failed: Only part of a ReadProcessMemory or WriteProcessMemory request was completed. (0x12B)
[0502/155629.827:ERROR:process_memory_win.cc(73)] ReadMemory at 0xdb04ff2358 of 512 bytes failed: Only part of a ReadProcessMemory or WriteProcessMemory request was completed. (0x12B)
[0502/155629.827:ERROR:process_memory_win.cc(73)] ReadMemory at 0xdb67320860 of 15592 bytes failed: Only part of a ReadProcessMemory or WriteProcessMemory request was completed. (0x12B)
[0502/155629.827:ERROR:process_memory_win.cc(73)] ReadMemory at 0xdb67324550 of 1012 bytes failed: Only part of a ReadProcessMemory or WriteProcessMemory request was completed. (0x12B)
[0502/155629.827:ERROR:process_memory_win.cc(73)] ReadMemory at 0xdb67324b68 of 118 bytes failed: Only part of a ReadProcessMemory or WriteProcessMemory request was completed. (0x12B)
[0502/155629.828:ERROR:process_memory_win.cc(73)] ReadMemory at 0xdb67324be0 of 754 bytes failed: Only part of a ReadProcessMemory or WriteProcessMemory request was completed. (0x12B)
[0502/155629.828:ERROR:process_memory_win.cc(73)] ReadMemory at 0xdb67324ed4 of 118 bytes failed: Only part of a ReadProcessMemory or WriteProcessMemory request was completed. (0x12B)
[0502/155629.828:ERROR:process_memory_win.cc(73)] ReadMemory at 0xdb67324f4c of 102 bytes failed: Only part of a ReadProcessMemory or WriteProcessMemory request was completed. (0x12B)
[0502/155629.828:ERROR:process_memory_win.cc(73)] ReadMemory at 0xdb67324fc0 of 58 bytes failed: Only part of a ReadProcessMemory or WriteProcessMemory request was completed. (0x12B)
[0502/155629.828:ERROR:process_memory_win.cc(73)] ReadMemory at 0xdb673250c0 of 132 bytes failed: Only part of a ReadProcessMemory or WriteProcessMemory request was completed. (0x12B)
[0502/155629.828:ERROR:process_memory_win.cc(73)] ReadMemory at 0xdb67325240 of 132 bytes failed: Only part of a ReadProcessMemory or WriteProcessMemory request was completed. (0x12B)
[0502/155629.828:ERROR:process_memory_win.cc(73)] ReadMemory at 0xdb67325450 of 126 bytes failed: Only part of a ReadProcessMemory or WriteProcessMemory request was completed. (0x12B)
[0502/155629.828:ERROR:process_memory_win.cc(73)] ReadMemory at 0xdb67325740 of 64 bytes failed: Only part of a ReadProcessMemory or WriteProcessMemory request was completed. (0x12B)
[0502/155629.829:ERROR:process_memory_win.cc(73)] ReadMemory at 0xdb67325790 of 132 bytes failed: Only part of a ReadProcessMemory or WriteProcessMemory request was completed. (0x12B)
[0502/155629.829:ERROR:process_memory_win.cc(73)] ReadMemory at 0xdb67325a50 of 154 bytes failed: Only part of a ReadProcessMemory or WriteProcessMemory request was completed. (0x12B)
[0502/155629.829:ERROR:process_memory_win.cc(73)] ReadMemory at 0xdb67325b00 of 68 bytes failed: Only part of a ReadProcessMemory or WriteProcessMemory request was completed. (0x12B)
[0502/155629.829:ERROR:process_memory_win.cc(73)] ReadMemory at 0xdb67325b50 of 132 bytes failed: Only part of a ReadProcessMemory or WriteProcessMemory request was completed. (0x12B)
[0502/155629.829:ERROR:process_memory_win.cc(73)] ReadMemory at 0xdb673268b0 of 132 bytes failed: Only part of a ReadProcessMemory or WriteProcessMemory request was completed. (0x12B)
[0502/155629.829:ERROR:process_memory_win.cc(73)] ReadMemory at 0xdb67326b00 of 62 bytes failed: Only part of a ReadProcessMemory or WriteProcessMemory request was completed. (0x12B)
[0502/155629.830:ERROR:process_memory_win.cc(73)] ReadMemory at 0xdb67326b50 of 132 bytes failed: Only part of a ReadProcessMemory or WriteProcessMemory request was completed. (0x12B)
[0502/155629.830:ERROR:process_memory_win.cc(73)] ReadMemory at 0xdb67326df0 of 60 bytes failed: Only part of a ReadProcessMemory or WriteProcessMemory request was completed. (0x12B)
[0502/155629.830:ERROR:process_memory_win.cc(73)] ReadMemory at 0xdb67327c70 of 132 bytes failed: Only part of a ReadProcessMemory or WriteProcessMemory request was completed. (0x12B)
[0502/155629.830:ERROR:process_memory_win.cc(73)] ReadMemory at 0xdb67327ec0 of 146 bytes failed: Only part of a ReadProcessMemory or WriteProcessMemory request was completed. (0x12B)
[0502/155629.830:ERROR:process_memory_win.cc(73)] ReadMemory at 0xdb67329c90 of 132 bytes failed: Only part of a ReadProcessMemory or WriteProcessMemory request was completed. (0x12B)
[0502/155629.830:ERROR:process_memory_win.cc(73)] ReadMemory at 0xdb67329db0 of 132 bytes failed: Only part of a ReadProcessMemory or WriteProcessMemory request was completed. (0x12B)
[0502/155629.830:ERROR:process_memory_win.cc(73)] ReadMemory at 0xdb6732c390 of 132 bytes failed: Only part of a ReadProcessMemory or WriteProcessMemory request was completed. (0x12B)
[0502/155629.831:ERROR:process_memory_win.cc(73)] ReadMemory at 0xdb6732c4b0 of 132 bytes failed: Only part of a ReadProcessMemory or WriteProcessMemory request was completed. (0x12B)
[0502/155629.831:ERROR:process_memory_win.cc(73)] ReadMemory at 0xdb6732cd60 of 80 bytes failed: Only part of a ReadProcessMemory or WriteProcessMemory request was completed. (0x12B)
[0502/155629.831:ERROR:process_memory_win.cc(73)] ReadMemory at 0xdb6732d250 of 132 bytes failed: Only part of a ReadProcessMemory or WriteProcessMemory request was completed. (0x12B)
[0502/155629.831:ERROR:process_memory_win.cc(73)] ReadMemory at 0xdb6732d400 of 132 bytes failed: Only part of a ReadProcessMemory or WriteProcessMemory request was completed. (0x12B)
[0502/155629.831:ERROR:process_memory_win.cc(73)] ReadMemory at 0xdb6732d650 of 58 bytes failed: Only part of a ReadProcessMemory or WriteProcessMemory request was completed. (0x12B)
[0502/155629.831:ERROR:process_memory_win.cc(73)] ReadMemory at 0xdb6732d6a0 of 64 bytes failed: Only part of a ReadProcessMemory or WriteProcessMemory request was completed. (0x12B)
[0502/155629.832:ERROR:process_memory_win.cc(73)] ReadMemory at 0xdb6732d6f0 of 62 bytes failed: Only part of a ReadProcessMemory or WriteProcessMemory request was completed. (0x12B)
[0502/155629.832:ERROR:process_memory_win.cc(73)] ReadMemory at 0xdb6732d740 of 64 bytes failed: Only part of a ReadProcessMemory or WriteProcessMemory request was completed. (0x12B)
[0502/155629.832:ERROR:process_memory_win.cc(73)] ReadMemory at 0xdb6732d790 of 64 bytes failed: Only part of a ReadProcessMemory or WriteProcessMemory request was completed. (0x12B)
[0502/155629.832:ERROR:process_memory_win.cc(73)] ReadMemory at 0xdb6732d7e0 of 62 bytes failed: Only part of a ReadProcessMemory or WriteProcessMemory request was completed. (0x12B)
[0502/155629.832:ERROR:process_memory_win.cc(73)] ReadMemory at 0xdb6732d830 of 60 bytes failed: Only part of a ReadProcessMemory or WriteProcessMemory request was completed. (0x12B)
[0502/155629.832:ERROR:process_memory_win.cc(73)] ReadMemory at 0xdb6732d880 of 62 bytes failed: Only part of a ReadProcessMemory or WriteProcessMemory request was completed. (0x12B)
[0502/155629.832:ERROR:process_memory_win.cc(73)] ReadMemory at 0xdb6732d8d0 of 60 bytes failed: Only part of a ReadProcessMemory or WriteProcessMemory request was completed. (0x12B)
[0502/155629.833:ERROR:process_memory_win.cc(73)] ReadMemory at 0xdb6732d920 of 62 bytes failed: Only part of a ReadProcessMemory or WriteProcessMemory request was completed. (0x12B)
[0502/155629.833:ERROR:process_memory_win.cc(73)] ReadMemory at 0xdb6732d970 of 64 bytes failed: Only part of a ReadProcessMemory or WriteProcessMemory request was completed. (0x12B)
[0502/155629.833:ERROR:process_memory_win.cc(73)] ReadMemory at 0xdb6732d9c0 of 62 bytes failed: Only part of a ReadProcessMemory or WriteProcessMemory request was completed. (0x12B)
[0502/155629.833:ERROR:process_memory_win.cc(73)] ReadMemory at 0xdb6732da10 of 66 bytes failed: Only part of a ReadProcessMemory or WriteProcessMemory request was completed. (0x12B)
[0502/155629.833:ERROR:process_memory_win.cc(73)] ReadMemory at 0xdb6732da60 of 60 bytes failed: Only part of a ReadProcessMemory or WriteProcessMemory request was completed. (0x12B)
[0502/155629.833:ERROR:process_memory_win.cc(73)] ReadMemory at 0xdb6732dab0 of 62 bytes failed: Only part of a ReadProcessMemory or WriteProcessMemory request was completed. (0x12B)
[0502/155629.833:ERROR:process_memory_win.cc(73)] ReadMemory at 0xdb6732db00 of 60 bytes failed: Only part of a ReadProcessMemory or WriteProcessMemory request was completed. (0x12B)
[0502/155629.834:ERROR:process_memory_win.cc(73)] ReadMemory at 0xdb6732db50 of 64 bytes failed: Only part of a ReadProcessMemory or WriteProcessMemory request was completed. (0x12B)
[0502/155629.834:ERROR:process_memory_win.cc(73)] ReadMemory at 0xdb6732dba0 of 62 bytes failed: Only part of a ReadProcessMemory or WriteProcessMemory request was completed. (0x12B)
[0502/155629.834:ERROR:process_memory_win.cc(73)] ReadMemory at 0xdb6732dbf0 of 64 bytes failed: Only part of a ReadProcessMemory or WriteProcessMemory request was completed. (0x12B)
[0502/155629.834:ERROR:process_memory_win.cc(73)] ReadMemory at 0xdb6732dc40 of 62 bytes failed: Only part of a ReadProcessMemory or WriteProcessMemory request was completed. (0x12B)
[0502/155629.834:ERROR:process_memory_win.cc(73)] ReadMemory at 0xdb6732dc90 of 60 bytes failed: Only part of a ReadProcessMemory or WriteProcessMemory request was completed. (0x12B)
[0502/155629.834:ERROR:process_memory_win.cc(73)] ReadMemory at 0xdb6732dd30 of 60 bytes failed: Only part of a ReadProcessMemory or WriteProcessMemory request was completed. (0x12B)
[0502/155629.834:ERROR:process_memory_win.cc(73)] ReadMemory at 0xdb6732dd80 of 62 bytes failed: Only part of a ReadProcessMemory or WriteProcessMemory request was completed. (0x12B)
[0502/155629.835:ERROR:process_memory_win.cc(73)] ReadMemory at 0xdb67330010 of 132 bytes failed: Only part of a ReadProcessMemory or WriteProcessMemory request was completed. (0x12B)
[0502/155629.835:ERROR:process_memory_win.cc(73)] ReadMemory at 0xdb67330540 of 54 bytes failed: Only part of a ReadProcessMemory or WriteProcessMemory request was completed. (0x12B)
[0502/155629.835:ERROR:process_memory_win.cc(73)] ReadMemory at 0xdb67330c30 of 132 bytes failed: Only part of a ReadProcessMemory or WriteProcessMemory request was completed. (0x12B)
[0502/155629.835:ERROR:process_memory_win.cc(73)] ReadMemory at 0xdb67330d50 of 132 bytes failed: Only part of a ReadProcessMemory or WriteProcessMemory request was completed. (0x12B)
[0502/155629.835:ERROR:process_memory_win.cc(73)] ReadMemory at 0xdb67330e70 of 132 bytes failed: Only part of a ReadProcessMemory or WriteProcessMemory request was completed. (0x12B)
[0502/155629.836:ERROR:process_memory_win.cc(73)] ReadMemory at 0xdb67331020 of 132 bytes failed: Only part of a ReadProcessMemory or WriteProcessMemory request was completed. (0x12B)
[0502/155629.836:ERROR:process_memory_win.cc(73)] ReadMemory at 0xdb67331140 of 132 bytes failed: Only part of a ReadProcessMemory or WriteProcessMemory request was completed. (0x12B)
[0502/155629.836:ERROR:process_memory_win.cc(73)] ReadMemory at 0xdb67331260 of 132 bytes failed: Only part of a ReadProcessMemory or WriteProcessMemory request was completed. (0x12B)
[0502/155629.836:ERROR:process_memory_win.cc(73)] ReadMemory at 0xdb67331380 of 132 bytes failed: Only part of a ReadProcessMemory or WriteProcessMemory request was completed. (0x12B)
[0502/155629.836:ERROR:process_memory_win.cc(73)] ReadMemory at 0xdb673314a0 of 132 bytes failed: Only part of a ReadProcessMemory or WriteProcessMemory request was completed. (0x12B)
[0502/155629.836:ERROR:process_memory_win.cc(73)] ReadMemory at 0xdb673315c0 of 132 bytes failed: Only part of a ReadProcessMemory or WriteProcessMemory request was completed. (0x12B)
[0502/155629.837:ERROR:process_memory_win.cc(73)] ReadMemory at 0xdb673316e0 of 132 bytes failed: Only part of a ReadProcessMemory or WriteProcessMemory request was completed. (0x12B)
[0502/155629.837:ERROR:process_memory_win.cc(73)] ReadMemory at 0xdb67331800 of 132 bytes failed: Only part of a ReadProcessMemory or WriteProcessMemory request was completed. (0x12B)
[0502/155629.837:ERROR:process_memory_win.cc(73)] ReadMemory at 0xdb67331920 of 132 bytes failed: Only part of a ReadProcessMemory or WriteProcessMemory request was completed. (0x12B)
[0502/155629.837:ERROR:process_memory_win.cc(73)] ReadMemory at 0xdb67331a40 of 132 bytes failed: Only part of a ReadProcessMemory or WriteProcessMemory request was completed. (0x12B)
[0502/155629.837:ERROR:process_memory_win.cc(73)] ReadMemory at 0xdb67331b60 of 132 bytes failed: Only part of a ReadProcessMemory or WriteProcessMemory request was completed. (0x12B)
[0502/155629.837:ERROR:process_memory_win.cc(73)] ReadMemory at 0xdb67331c80 of 132 bytes failed: Only part of a ReadProcessMemory or WriteProcessMemory request was completed. (0x12B)
[0502/155629.838:ERROR:process_memory_win.cc(73)] ReadMemory at 0xdb67331da0 of 132 bytes failed: Only part of a ReadProcessMemory or WriteProcessMemory request was completed. (0x12B)
[0502/155629.838:ERROR:process_memory_win.cc(73)] ReadMemory at 0xdb67332d50 of 80 bytes failed: Only part of a ReadProcessMemory or WriteProcessMemory request was completed. (0x12B)
[0502/155629.838:ERROR:process_memory_win.cc(73)] ReadMemory at 0xdb673334d0 of 132 bytes failed: Only part of a ReadProcessMemory or WriteProcessMemory request was completed. (0x12B)
[0502/155629.838:ERROR:process_memory_win.cc(73)] ReadMemory at 0xdb673335f0 of 132 bytes failed: Only part of a ReadProcessMemory or WriteProcessMemory request was completed. (0x12B)
[0502/155629.838:ERROR:process_memory_win.cc(73)] ReadMemory at 0xdb67333dd0 of 132 bytes failed: Only part of a ReadProcessMemory or WriteProcessMemory request was completed. (0x12B)
[0502/155629.838:ERROR:process_memory_win.cc(73)] ReadMemory at 0xdb67333ef0 of 132 bytes failed: Only part of a ReadProcessMemory or WriteProcessMemory request was completed. (0x12B)
[0502/155629.838:ERROR:process_memory_win.cc(73)] ReadMemory at 0xdb67334910 of 132 bytes failed: Only part of a ReadProcessMemory or WriteProcessMemory request was completed. (0x12B)
[0502/155629.839:ERROR:process_memory_win.cc(73)] ReadMemory at 0xdb67334a30 of 132 bytes failed: Only part of a ReadProcessMemory or WriteProcessMemory request was completed. (0x12B)
[0502/155629.839:ERROR:process_memory_win.cc(73)] ReadMemory at 0xdb67334b50 of 132 bytes failed: Only part of a ReadProcessMemory or WriteProcessMemory request was completed. (0x12B)
[0502/155629.839:ERROR:process_memory_win.cc(73)] ReadMemory at 0xdb67334c70 of 132 bytes failed: Only part of a ReadProcessMemory or WriteProcessMemory request was completed. (0x12B)
[0502/155629.839:ERROR:process_memory_win.cc(73)] ReadMemory at 0xdb67334eb0 of 132 bytes failed: Only part of a ReadProcessMemory or WriteProcessMemory request was completed. (0x12B)
[0502/155629.839:ERROR:process_memory_win.cc(73)] ReadMemory at 0xdb67335210 of 132 bytes failed: Only part of a ReadProcessMemory or WriteProcessMemory request was completed. (0x12B)
[0502/155629.839:ERROR:process_memory_win.cc(73)] ReadMemory at 0xdb673362a0 of 58 bytes failed: Only part of a ReadProcessMemory or WriteProcessMemory request was completed. (0x12B)
[0502/155629.840:ERROR:process_memory_win.cc(73)] ReadMemory at 0xdb67336340 of 66 bytes failed: Only part of a ReadProcessMemory or WriteProcessMemory request was completed. (0x12B)
[0502/155629.840:ERROR:process_memory_win.cc(73)] ReadMemory at 0xdb67336e30 of 64 bytes failed: Only part of a ReadProcessMemory or WriteProcessMemory request was completed. (0x12B)
[0502/155629.840:ERROR:process_memory_win.cc(73)] ReadMemory at 0xdb67336e80 of 60 bytes failed: Only part of a ReadProcessMemory or WriteProcessMemory request was completed. (0x12B)
[0502/155629.840:ERROR:process_memory_win.cc(73)] ReadMemory at 0xdb67336f70 of 58 bytes failed: Only part of a ReadProcessMemory or WriteProcessMemory request was completed. (0x12B)
[0502/155629.840:ERROR:process_memory_win.cc(73)] ReadMemory at 0xdb673370b0 of 58 bytes failed: Only part of a ReadProcessMemory or WriteProcessMemory request was completed. (0x12B)
[0502/155629.840:ERROR:process_memory_win.cc(73)] ReadMemory at 0xdb6733ca50 of 512 bytes failed: Only part of a ReadProcessMemory or WriteProcessMemory request was completed. (0x12B)
[0502/155629.840:ERROR:process_memory_win.cc(73)] ReadMemory at 0xdb6733d220 of 512 bytes failed: Only part of a ReadProcessMemory or WriteProcessMemory request was completed. (0x12B)
[0502/155629.841:ERROR:process_memory_win.cc(73)] ReadMemory at 0xdb677a0d00 of 512 bytes failed: Only part of a ReadProcessMemory or WriteProcessMemory request was completed. (0x12B)
[0502/155629.841:ERROR:process_memory_win.cc(73)] ReadMemory at 0xdb67c28910 of 512 bytes failed: Only part of a ReadProcessMemory or WriteProcessMemory request was completed. (0x12B)
[0502/155629.841:ERROR:process_memory_win.cc(73)] ReadMemory at 0xdb67c42610 of 512 bytes failed: Only part of a ReadProcessMemory or WriteProcessMemory request was completed. (0x12B)
[0502/155629.841:ERROR:process_memory_win.cc(73)] ReadMemory at 0xdb67c43db0 of 512 bytes failed: Only part of a ReadProcessMemory or WriteProcessMemory request was completed. (0x12B)
[0502/155629.841:ERROR:process_memory_win.cc(73)] ReadMemory at 0xdb67c46ea0 of 512 bytes failed: Only part of a ReadProcessMemory or WriteProcessMemory request was completed. (0x12B)
[0502/155629.841:ERROR:process_memory_win.cc(73)] ReadMemory at 0xdb67c78b30 of 512 bytes failed: Only part of a ReadProcessMemory or WriteProcessMemory request was completed. (0x12B)
[0502/155629.842:ERROR:process_memory_win.cc(73)] ReadMemory at 0xdb67c7ad80 of 712 bytes failed: Only part of a ReadProcessMemory or WriteProcessMemory request was completed. (0x12B)
[0502/155629.842:ERROR:process_memory_win.cc(73)] ReadMemory at 0xdb67cd8630 of 512 bytes failed: Only part of a ReadProcessMemory or WriteProcessMemory request was completed. (0x12B)
[0502/155629.842:ERROR:process_memory_win.cc(73)] ReadMemory at 0xdb67cfe170 of 512 bytes failed: Only part of a ReadProcessMemory or WriteProcessMemory request was completed. (0x12B)
[0502/155629.842:ERROR:process_memory_win.cc(73)] ReadMemory at 0xdb6c1b1790 of 512 bytes failed: Only part of a ReadProcessMemory or WriteProcessMemory request was completed. (0x12B)
[0502/155629.842:ERROR:process_memory_win.cc(73)] ReadMemory at 0xdb6c1b26e0 of 512 bytes failed: Only part of a ReadProcessMemory or WriteProcessMemory request was completed. (0x12B)
[0502/155629.842:ERROR:process_memory_win.cc(73)] ReadMemory at 0xdb6c2a1660 of 512 bytes failed: Only part of a ReadProcessMemory or WriteProcessMemory request was completed. (0x12B)
[0502/155629.842:ERROR:process_memory_win.cc(73)] ReadMemory at 0xdb70fd6000 of 400 bytes failed: Only part of a ReadProcessMemory or WriteProcessMemory request was completed. (0x12B)
[0502/155629.843:ERROR:process_memory_win.cc(73)] ReadMemory at 0xdb70fd6218 of 512 bytes failed: Only part of a ReadProcessMemory or WriteProcessMemory request was completed. (0x12B)
[0502/155629.843:ERROR:process_memory_win.cc(73)] ReadMemory at 0xdb71586410 of 512 bytes failed: Only part of a ReadProcessMemory or WriteProcessMemory request was completed. (0x12B)
[0502/155629.843:ERROR:process_memory_win.cc(73)] ReadMemory at 0xdb71dd7190 of 512 bytes failed: Only part of a ReadProcessMemory or WriteProcessMemory request was completed. (0x12B)
[0502/155629.843:ERROR:process_memory_win.cc(73)] ReadMemory at 0xdb720b5800 of 512 bytes failed: Only part of a ReadProcessMemory or WriteProcessMemory request was completed. (0x12B)
[0502/155629.843:ERROR:process_memory_win.cc(73)] ReadMemory at 0x75a900000000 of 384 bytes failed: Only part of a ReadProcessMemory or WriteProcessMemory request was completed. (0x12B)
[0502/155629.843:ERROR:process_memory_win.cc(73)] ReadMemory at 0x75a908040431 of 518 bytes failed: Only part of a ReadProcessMemory or WriteProcessMemory request was completed. (0x12B)
[0502/155629.844:ERROR:process_memory_win.cc(73)] ReadMemory at 0x75a90cf2e8c0 of 512 bytes failed: Only part of a ReadProcessMemory or WriteProcessMemory request was completed. (0x12B)
[0502/155629.844:ERROR:process_memory_win.cc(73)] ReadMemory at 0x75a90d154664 of 513 bytes failed: Only part of a ReadProcessMemory or WriteProcessMemory request was completed. (0x12B)
[0502/155629.844:ERROR:process_memory_win.cc(73)] ReadMemory at 0x75a90d15497d of 512 bytes failed: Only part of a ReadProcessMemory or WriteProcessMemory request was completed. (0x12B)
[0502/155629.844:ERROR:process_memory_win.cc(73)] ReadMemory at 0x75a90d154c94 of 513 bytes failed: Only part of a ReadProcessMemory or WriteProcessMemory request was completed. (0x12B)
[0502/155629.844:ERROR:process_memory_win.cc(73)] ReadMemory at 0x75a90d154f64 of 513 bytes failed: Only part of a ReadProcessMemory or WriteProcessMemory request was completed. (0x12B)
[0502/155629.844:ERROR:process_memory_win.cc(73)] ReadMemory at 0x75a90d158a54 of 512 bytes failed: Only part of a ReadProcessMemory or WriteProcessMemory request was completed. (0x12B)
[0502/155629.845:ERROR:process_memory_win.cc(73)] ReadMemory at 0x75a90d1802b4 of 512 bytes failed: Only part of a ReadProcessMemory or WriteProcessMemory request was completed. (0x12B)
[0502/155629.845:ERROR:process_memory_win.cc(73)] ReadMemory at 0x75a919f89780 of 512 bytes failed: Only part of a ReadProcessMemory or WriteProcessMemory request was completed. (0x12B)
[0502/155629.845:ERROR:process_memory_win.cc(73)] ReadMemory at 0x75a919fbff81 of 512 bytes failed: Only part of a ReadProcessMemory or WriteProcessMemory request was completed. (0x12B)
[0502/155629.845:ERROR:process_memory_win.cc(73)] ReadMemory at 0x7ff74d4ba000 of 6024 bytes failed: Only part of a ReadProcessMemory or WriteProcessMemory request was completed. (0x12B)
[0502/155629.845:ERROR:process_memory_win.cc(73)] ReadMemory at 0x7ff74d4bc000 of 6024 bytes failed: Only part of a ReadProcessMemory or WriteProcessMemory request was completed. (0x12B)
[0502/155629.846:ERROR:process_memory_win.cc(73)] ReadMemory at 0x7ff74d4be000 of 6024 bytes failed: Only part of a ReadProcessMemory or WriteProcessMemory request was completed. (0x12B)
[0502/155629.846:ERROR:process_memory_win.cc(73)] ReadMemory at 0x7ff74d4c0000 of 6024 bytes failed: Only part of a ReadProcessMemory or WriteProcessMemory request was completed. (0x12B)
[0502/155629.846:ERROR:process_memory_win.cc(73)] ReadMemory at 0x7ff74d4c2000 of 6024 bytes failed: Only part of a ReadProcessMemory or WriteProcessMemory request was completed. (0x12B)
[0502/155629.846:ERROR:process_memory_win.cc(73)] ReadMemory at 0x7ff74d4c4000 of 6024 bytes failed: Only part of a ReadProcessMemory or WriteProcessMemory request was completed. (0x12B)
[0502/155629.846:ERROR:process_memory_win.cc(73)] ReadMemory at 0x7ff74d4c6000 of 6024 bytes failed: Only part of a ReadProcessMemory or WriteProcessMemory request was completed. (0x12B)
[0502/155629.847:ERROR:process_memory_win.cc(73)] ReadMemory at 0x7ff74d4c8000 of 6024 bytes failed: Only part of a ReadProcessMemory or WriteProcessMemory request was completed. (0x12B)
[0502/155629.847:ERROR:process_memory_win.cc(73)] ReadMemory at 0x7ff74d4ca000 of 6024 bytes failed: Only part of a ReadProcessMemory or WriteProcessMemory request was completed. (0x12B)
[0502/155629.847:ERROR:process_memory_win.cc(73)] ReadMemory at 0x7ff74d4cc000 of 6024 bytes failed: Only part of a ReadProcessMemory or WriteProcessMemory request was completed. (0x12B)
[0502/155629.847:ERROR:process_memory_win.cc(73)] ReadMemory at 0x7ff74d4ce000 of 6024 bytes failed: Only part of a ReadProcessMemory or WriteProcessMemory request was completed. (0x12B)
[0502/155629.847:ERROR:process_memory_win.cc(73)] ReadMemory at 0x7ff74d5f4000 of 6024 bytes failed: Only part of a ReadProcessMemory or WriteProcessMemory request was completed. (0x12B)
[0502/155629.848:ERROR:process_memory_win.cc(73)] ReadMemory at 0x7ff74d5f6000 of 6024 bytes failed: Only part of a ReadProcessMemory or WriteProcessMemory request was completed. (0x12B)
[0502/155629.848:ERROR:process_memory_win.cc(73)] ReadMemory at 0x7ff74d5f8000 of 6024 bytes failed: Only part of a ReadProcessMemory or WriteProcessMemory request was completed. (0x12B)
[0502/155629.848:ERROR:process_memory_win.cc(73)] ReadMemory at 0x7ff74d5fa000 of 852 bytes failed: Only part of a ReadProcessMemory or WriteProcessMemory request was completed. (0x12B)
[0502/155629.848:ERROR:process_memory_win.cc(73)] ReadMemory at 0x7ff74d5fc000 of 6024 bytes failed: Only part of a ReadProcessMemory or WriteProcessMemory request was completed. (0x12B)
[0502/155629.849:ERROR:process_memory_win.cc(73)] ReadMemory at 0x7ff74d5fe000 of 6024 bytes failed: Only part of a ReadProcessMemory or WriteProcessMemory request was completed. (0x12B)
[0502/155629.849:ERROR:process_memory_win.cc(73)] ReadMemory at 0x7ffc114a7f4a of 512 bytes failed: Only part of a ReadProcessMemory or WriteProcessMemory request was completed. (0x12B)
[0502/155629.849:ERROR:process_memory_win.cc(73)] ReadMemory at 0x7ffc114ee69c of 512 bytes failed: Only part of a ReadProcessMemory or WriteProcessMemory request was completed. (0x12B)
[0502/155629.849:ERROR:process_memory_win.cc(73)] ReadMemory at 0x7ffc11c828a0 of 512 bytes failed: Only part of a ReadProcessMemory or WriteProcessMemory request was completed. (0x12B)
[0502/155629.849:ERROR:process_memory_win.cc(73)] ReadMemory at 0x7ffc1610353c of 512 bytes failed: Only part of a ReadProcessMemory or WriteProcessMemory request was completed. (0x12B)
[0502/155629.849:ERROR:process_memory_win.cc(73)] ReadMemory at 0x7ffc37ab7a55 of 512 bytes failed: Only part of a ReadProcessMemory or WriteProcessMemory request was completed. (0x12B)
[0502/155629.849:ERROR:process_memory_win.cc(73)] ReadMemory at 0x7ffc37ab8245 of 512 bytes failed: Only part of a ReadProcessMemory or WriteProcessMemory request was completed. (0x12B)
[0502/155629.850:ERROR:process_memory_win.cc(73)] ReadMemory at 0x7ffc554c95e0 of 18 bytes failed: Only part of a ReadProcessMemory or WriteProcessMemory request was completed. (0x12B)
[0502/155629.850:ERROR:process_memory_win.cc(73)] ReadMemory at 0x7ffc554dc7e0 of 512 bytes failed: Only part of a ReadProcessMemory or WriteProcessMemory request was completed. (0x12B)
[0502/155629.850:ERROR:process_memory_win.cc(73)] ReadMemory at 0x7ffc554fa850 of 512 bytes failed: Only part of a ReadProcessMemory or WriteProcessMemory request was completed. (0x12B)
[0502/155629.850:ERROR:process_memory_win.cc(73)] ReadMemory at 0x7ffc555506ca of 592 bytes failed: Only part of a ReadProcessMemory or WriteProcessMemory request was completed. (0x12B)
[0502/155629.850:ERROR:process_memory_win.cc(73)] ReadMemory at 0x7ffc5555214a of 560 bytes failed: Only part of a ReadProcessMemory or WriteProcessMemory request was completed. (0x12B)
[0502/155629.850:ERROR:process_memory_win.cc(73)] ReadMemory at 0x7ffc555546cb of 512 bytes failed: Only part of a ReadProcessMemory or WriteProcessMemory request was completed. (0x12B)
[0502/155629.851:ERROR:process_memory_win.cc(73)] ReadMemory at 0x7ffc555ee8a8 of 40 bytes failed: Only part of a ReadProcessMemory or WriteProcessMemory request was completed. (0x12B)
[0502/155629.851:ERROR:process_memory_win.cc(73)] ReadMemory at 0x7ffc555eebe0 of 48 bytes failed: Only part of a ReadProcessMemory or WriteProcessMemory request was completed. (0x12B)
[0502/155629.851:ERROR:process_memory_win.cc(73)] ReadMemory at 0x7ffc555f1320 of 64 bytes failed: Only part of a ReadProcessMemory or WriteProcessMemory request was completed. (0x12B)
[0502/155629.924:ERROR:scoped_process_suspend.cc(40)] NtResumeProcess: An attempt was made to access an exiting process. (0xc000010a)
